0 info it worked if it ends with ok
1 verbose cli [ '/home/geoff/.local/bin/node',
1 verbose cli   '/home/geoff/.local/bin/npm',
1 verbose cli   'install',
1 verbose cli   'mocha',
1 verbose cli   'test/auth-staging.js' ]
2 info using npm@2.5.1
3 info using node@v0.12.0
4 warn package.json gardenpath-app@0.0.1 No repository field.
5 warn package.json gardenpath-app@0.0.1 No README data
6 warn package.json grunt-contrib-livereload@0.1.2 No README data
7 warn package.json has-binary@0.1.6 No repository field.
8 warn package.json indexof@0.0.1 No repository field.
9 warn package.json lingo@0.0.5 No repository field.
10 warn package.json object-component@0.0.3 No repository field.
11 warn package.json uid2@0.0.3 No repository field.
12 silly cache add args [ 'mocha', null ]
13 verbose cache add spec mocha
14 silly cache add args [ 'test/auth-staging.js', null ]
15 verbose cache add spec test/auth-staging.js
16 silly cache add parsed spec { raw: 'mocha',
16 silly cache add   scope: null,
16 silly cache add   name: 'mocha',
16 silly cache add   rawSpec: '',
16 silly cache add   spec: '*',
16 silly cache add   type: 'range' }
17 verbose addNamed mocha@*
18 silly addNamed semver.valid null
19 silly addNamed semver.validRange *
20 silly addNameRange { name: 'mocha', range: '*', hasData: false }
21 silly mapToRegistry name mocha
22 silly mapToRegistry using default registry
23 silly mapToRegistry registry https://registry.npmjs.org/
24 silly mapToRegistry uri https://registry.npmjs.org/mocha
25 verbose addNameRange registry:https://registry.npmjs.org/mocha not in flight; fetching
26 silly cache add parsed spec { raw: 'test/auth-staging.js',
26 silly cache add   scope: null,
26 silly cache add   name: null,
26 silly cache add   rawSpec: 'test/auth-staging.js',
26 silly cache add   spec: '/home/geoff/projects/016-osdgoauth/test/auth-staging.js',
26 silly cache add   type: 'local' }
27 silly addLocalTarball shasum (computed) ef0505c896c22957ca38dc3425178a0012027cbc
28 verbose addTmpTarball /home/geoff/projects/016-osdgoauth/test/auth-staging.js not in flight; adding
29 verbose get https://registry.npmjs.org/mocha not expired, no request
30 silly addNameRange number 2 { name: 'mocha', range: '*', hasData: true }
31 silly addNameRange versions [ 'mocha',
31 silly addNameRange   [ '0.0.1-alpha1',
31 silly addNameRange     '0.0.1-alpha2',
31 silly addNameRange     '0.0.1-alpha3',
31 silly addNameRange     '0.0.1-alpha4',
31 silly addNameRange     '0.0.1-alpha5',
31 silly addNameRange     '0.0.1-alpha6',
31 silly addNameRange     '0.0.1',
31 silly addNameRange     '0.0.2',
31 silly addNameRange     '0.0.3',
31 silly addNameRange     '0.0.4',
31 silly addNameRange     '0.0.5',
31 silly addNameRange     '0.0.6',
31 silly addNameRange     '0.0.7',
31 silly addNameRange     '0.0.8',
31 silly addNameRange     '0.1.0',
31 silly addNameRange     '0.2.0',
31 silly addNameRange     '0.3.0',
31 silly addNameRange     '0.3.1',
31 silly addNameRange     '0.3.2',
31 silly addNameRange     '0.3.3',
31 silly addNameRange     '0.3.4',
31 silly addNameRange     '0.3.6',
31 silly addNameRange     '0.4.0',
31 silly addNameRange     '0.5.0',
31 silly addNameRange     '0.6.0',
31 silly addNameRange     '0.7.0',
31 silly addNameRange     '0.7.1',
31 silly addNameRange     '0.8.0',
31 silly addNameRange     '0.8.1',
31 silly addNameRange     '0.9.0',
31 silly addNameRange     '0.10.0',
31 silly addNameRange     '0.10.1',
31 silly addNameRange     '0.10.2',
31 silly addNameRange     '0.11.0',
31 silly addNameRange     '0.12.0',
31 silly addNameRange     '0.12.1',
31 silly addNameRange     '0.13.0',
31 silly addNameRange     '0.14.0',
31 silly addNameRange     '0.14.1',
31 silly addNameRange     '1.0.0',
31 silly addNameRange     '1.0.1',
31 silly addNameRange     '1.0.2',
31 silly addNameRange     '1.0.3',
31 silly addNameRange     '1.1.0',
31 silly addNameRange     '1.2.0',
31 silly addNameRange     '1.2.1',
31 silly addNameRange     '1.2.2',
31 silly addNameRange     '1.3.0',
31 silly addNameRange     '1.3.1',
31 silly addNameRange     '1.3.2',
31 silly addNameRange     '1.4.0',
31 silly addNameRange     '1.4.1',
31 silly addNameRange     '1.4.2',
31 silly addNameRange     '1.4.3',
31 silly addNameRange     '1.5.0',
31 silly addNameRange     '1.6.0',
31 silly addNameRange     '1.7.0',
31 silly addNameRange     '1.7.1',
31 silly addNameRange     '1.7.2',
31 silly addNameRange     '1.7.3',
31 silly addNameRange     '1.7.4',
31 silly addNameRange     '1.8.0',
31 silly addNameRange     '1.8.1',
31 silly addNameRange     '1.8.2',
31 silly addNameRange     '1.9.0',
31 silly addNameRange     '1.10.0',
31 silly addNameRange     '1.11.0',
31 silly addNameRange     '1.12.0',
31 silly addNameRange     '1.12.1',
31 silly addNameRange     '1.13.0',
31 silly addNameRange     '1.14.0',
31 silly addNameRange     '1.15.0',
31 silly addNameRange     '1.15.1',
31 silly addNameRange     '1.16.0',
31 silly addNameRange     '1.16.1',
31 silly addNameRange     '1.16.2',
31 silly addNameRange     '1.17.0',
31 silly addNameRange     '1.17.1',
31 silly addNameRange     '1.18.0',
31 silly addNameRange     '1.18.1',
31 silly addNameRange     '1.18.2',
31 silly addNameRange     '1.19.0',
31 silly addNameRange     '1.20.0',
31 silly addNameRange     '1.20.1',
31 silly addNameRange     '1.21.0',
31 silly addNameRange     '1.21.1',
31 silly addNameRange     '1.21.2',
31 silly addNameRange     '1.21.3',
31 silly addNameRange     '1.21.4',
31 silly addNameRange     '1.21.5',
31 silly addNameRange     '2.0.0',
31 silly addNameRange     '2.0.1',
31 silly addNameRange     '2.1.0',
31 silly addNameRange     '2.2.0',
31 silly addNameRange     '2.2.1',
31 silly addNameRange     '2.2.3',
31 silly addNameRange     '2.2.4' ] ]
32 verbose addNamed mocha@2.2.4
33 silly addNamed semver.valid 2.2.4
34 silly addNamed semver.validRange 2.2.4
35 verbose addTmpTarball validating metadata from /home/geoff/projects/016-osdgoauth/test/auth-staging.js
36 verbose tar unpack /home/geoff/projects/016-osdgoauth/test/auth-staging.js
37 verbose tar unpacking to /tmp/npm-5156-b56c2233/unpack-e345833a6fd5
38 verbose gentlyRm vacuuming /tmp/npm-5156-b56c2233/unpack-e345833a6fd5
39 silly gunzTarPerm modes [ '775', '664' ]
40 silly cache afterAdd mocha@2.2.4
41 verbose afterAdd /home/geoff/.npm/mocha/2.2.4/package/package.json not in flight; writing
42 verbose afterAdd /home/geoff/.npm/mocha/2.2.4/package/package.json written
43 error not a package /home/geoff/projects/016-osdgoauth/test/auth-staging.js
44 error addLocal Could not install /home/geoff/projects/016-osdgoauth/test/auth-staging.js
45 verbose stack Error: ENOENT, open '/tmp/npm-5156-b56c2233/unpack-e345833a6fd5/package.json'
45 verbose stack     at Error (native)
46 verbose cwd /home/geoff/projects/016-osdgoauth
47 error Linux 3.13.0-52-generic
48 error argv "/home/geoff/.local/bin/node" "/home/geoff/.local/bin/npm" "install" "mocha" "test/auth-staging.js"
49 error node v0.12.0
50 error npm  v2.5.1
51 error path /tmp/npm-5156-b56c2233/unpack-e345833a6fd5/package.json
52 error code ENOENT
53 error errno -2
54 error enoent ENOENT, open '/tmp/npm-5156-b56c2233/unpack-e345833a6fd5/package.json'
54 error enoent This is most likely not a problem with npm itself
54 error enoent and is related to npm not being able to find a file.
55 verbose exit [ -2, true ]
